

*******************************************************************************
Sat Mar  1 12:14:26 2014


FIT:    data read from "../data/average4andrandom.csv" u 1:3
        format = x:z
        #datapoints = 100
        residuals are weighted equally (unit weight)

function used for fitting: f(x)
fitted parameters initialized with current variable values



 Iteration 0
 WSSR        : 348087            delta(WSSR)/WSSR   : 0
 delta(WSSR) : 0                 limit for stopping : 1e-05
 lambda	  : 41.137

initial set of free parameter values

a               = 1
b               = 1

After 5 iterations the fit converged.
final sum of squares of residuals : 0.0432354
rel. change during last iteration : -1.54214e-11

degrees of freedom    (FIT_NDF)                        : 98
rms of residuals      (FIT_STDFIT) = sqrt(WSSR/ndf)    : 0.0210042
variance of residuals (reduced chisquare) = WSSR/ndf   : 0.000441177

Final set of parameters            Asymptotic Standard Error
=======================            ==========================

a               = -0.000994757     +/- 7.276e-05    (7.315%)
b               = 0.111295         +/- 0.004233     (3.803%)


correlation matrix of the fit parameters:

               a      b      
a               1.000 
b              -0.868  1.000 


*******************************************************************************
Sat Mar  1 12:14:26 2014


FIT:    data read from '../data/average4andrandom.csv' u 1:2
        format = x:z
        #datapoints = 100
        residuals are weighted equally (unit weight)

function used for fitting: g(x)
fitted parameters initialized with current variable values



 Iteration 0
 WSSR        : 343953            delta(WSSR)/WSSR   : 0
 delta(WSSR) : 0                 limit for stopping : 1e-05
 lambda	  : 41.137

initial set of free parameter values

c               = 1
d               = 1

After 4 iterations the fit converged.
final sum of squares of residuals : 4.27966
rel. change during last iteration : -7.85666e-07

degrees of freedom    (FIT_NDF)                        : 98
rms of residuals      (FIT_STDFIT) = sqrt(WSSR/ndf)    : 0.208974
variance of residuals (reduced chisquare) = WSSR/ndf   : 0.04367

Final set of parameters            Asymptotic Standard Error
=======================            ==========================

c               = -0.0100266       +/- 0.0007239    (7.22%)
d               = 1.11977          +/- 0.04211      (3.761%)


correlation matrix of the fit parameters:

               c      d      
c               1.000 
d              -0.868  1.000 
